mode: atomic
github.com/distrobyte/multiplayer-elo/main.go:3.26,8.2 1 15
github.com/distrobyte/multiplayer-elo/match.go:9.89,10.25 1 3
github.com/distrobyte/multiplayer-elo/match.go:10.25,12.3 1 1
github.com/distrobyte/multiplayer-elo/match.go:14.2,18.33 3 2
github.com/distrobyte/multiplayer-elo/match.go:18.33,20.36 2 7
github.com/distrobyte/multiplayer-elo/match.go:20.36,21.21 1 14
github.com/distrobyte/multiplayer-elo/match.go:21.21,23.5 1 0
github.com/distrobyte/multiplayer-elo/match.go:25.4,25.28 1 14
github.com/distrobyte/multiplayer-elo/match.go:25.28,27.5 1 1
github.com/distrobyte/multiplayer-elo/match.go:29.4,29.41 1 13
github.com/distrobyte/multiplayer-elo/match.go:29.41,33.10 4 6
github.com/distrobyte/multiplayer-elo/match.go:37.3,37.13 1 6
github.com/distrobyte/multiplayer-elo/match.go:37.13,39.4 1 0
github.com/distrobyte/multiplayer-elo/match.go:43.2,47.47 3 1
github.com/distrobyte/multiplayer-elo/match.go:47.47,52.64 3 4
github.com/distrobyte/multiplayer-elo/match.go:52.64,54.32 1 16
github.com/distrobyte/multiplayer-elo/match.go:54.32,55.13 1 4
github.com/distrobyte/multiplayer-elo/match.go:58.4,65.38 4 12
github.com/distrobyte/multiplayer-elo/match.go:65.38,67.5 1 6
github.com/distrobyte/multiplayer-elo/match.go:67.10,69.5 1 6
github.com/distrobyte/multiplayer-elo/match.go:72.4,75.73 2 12
github.com/distrobyte/multiplayer-elo/match.go:79.3,83.5 2 4
github.com/distrobyte/multiplayer-elo/match.go:87.2,87.42 1 1
github.com/distrobyte/multiplayer-elo/match.go:87.42,88.36 1 4
github.com/distrobyte/multiplayer-elo/match.go:88.36,89.41 1 10
github.com/distrobyte/multiplayer-elo/match.go:89.41,93.29 3 4
github.com/distrobyte/multiplayer-elo/match.go:93.29,95.6 1 1
github.com/distrobyte/multiplayer-elo/match.go:97.5,100.42 3 4
github.com/distrobyte/multiplayer-elo/match.go:100.42,102.6 1 0
github.com/distrobyte/multiplayer-elo/match.go:104.5,104.42 1 4
github.com/distrobyte/multiplayer-elo/match.go:104.42,106.6 1 2
github.com/distrobyte/multiplayer-elo/match.go:107.5,107.10 1 4
github.com/distrobyte/multiplayer-elo/match.go:113.2,114.16 2 1
github.com/distrobyte/multiplayer-elo/match.go:114.16,116.3 1 0
github.com/distrobyte/multiplayer-elo/match.go:118.2,118.23 1 1
github.com/distrobyte/multiplayer-elo/match.go:121.60,130.2 3 1
github.com/distrobyte/multiplayer-elo/player.go:5.47,8.30 2 22
github.com/distrobyte/multiplayer-elo/player.go:8.30,9.38 1 18
github.com/distrobyte/multiplayer-elo/player.go:9.38,11.4 1 3
github.com/distrobyte/multiplayer-elo/player.go:14.2,26.12 2 19
github.com/distrobyte/multiplayer-elo/player.go:29.58,32.30 2 10
github.com/distrobyte/multiplayer-elo/player.go:32.30,33.38 1 16
github.com/distrobyte/multiplayer-elo/player.go:33.38,35.4 1 9
github.com/distrobyte/multiplayer-elo/player.go:38.2,38.31 1 1
github.com/distrobyte/multiplayer-elo/player.go:41.50,44.30 2 2
github.com/distrobyte/multiplayer-elo/player.go:44.30,45.38 1 1
github.com/distrobyte/multiplayer-elo/player.go:45.38,48.4 2 1
github.com/distrobyte/multiplayer-elo/player.go:51.2,51.26 1 1
github.com/distrobyte/multiplayer-elo/player.go:54.33,55.30 1 2
github.com/distrobyte/multiplayer-elo/player.go:55.30,58.3 2 3
